2018-04-23 12:53:45.073  INFO 12488 --- [main] com.wipro.Application                    : Starting Application on L-156104937 with PID 12488 (D:\Pr364954\E_Drive\JHipster\genbuilds\minishifthost\target\classes started by PR364954 in D:\Pr364954\E_Drive\JHipster\genbuilds\minishifthost)
2018-04-23 12:53:45.078  INFO 12488 --- [main] com.wipro.Application                    : No active profile set, falling back to default profiles: default
2018-04-23 12:53:46.073  INFO 12488 --- [main] ationConfigEmbeddedWebApplicationContext : Refreshing org.springframework.boot.context.embedded.AnnotationConfigEmbeddedWebApplicationContext@19792d9: startup date [Mon Apr 23 12:53:46 IST 2018]; root of context hierarchy
2018-04-23 12:54:02.114  INFO 12488 --- [main] o.s.b.f.s.DefaultListableBeanFactory     : Overriding bean definition for bean 'beanNameViewResolver' with a different definition: replacing [Root bean: class [null]; scope=; abstract=false; lazyInit=false; autowireMode=3; dependencyCheck=0; autowireCandidate=true; primary=false; factoryBeanName=org.springframework.boot.autoconfigure.web.ErrorMvcAutoConfiguration$WhitelabelErrorViewConfiguration; factoryMethodName=beanNameViewResolver; initMethodName=null; destroyMethodName=(inferred); defined in class path resource [org/springframework/boot/autoconfigure/web/ErrorMvcAutoConfiguration$WhitelabelErrorViewConfiguration.class]] with [Root bean: class [null]; scope=; abstract=false; lazyInit=false; autowireMode=3; dependencyCheck=0; autowireCandidate=true; primary=false; factoryBeanName=org.springframework.boot.autoconfigure.web.WebMvcAutoConfiguration$WebMvcAutoConfigurationAdapter; factoryMethodName=beanNameViewResolver; initMethodName=null; destroyMethodName=(inferred); defined in class path resource [org/springframework/boot/autoconfigure/web/WebMvcAutoConfiguration$WebMvcAutoConfigurationAdapter.class]]
2018-04-23 12:54:04.837  INFO 12488 --- [main] trationDelegate$BeanPostProcessorChecker : Bean 'org.springframework.transaction.annotation.ProxyTransactionManagementConfiguration' of type [class org.springframework.transaction.annotation.ProxyTransactionManagementConfiguration$$EnhancerBySpringCGLIB$$3debe77a] is not eligible for getting processed by all BeanPostProcessors (for example: not eligible for auto-proxying)
2018-04-23 12:54:08.650  INFO 12488 --- [main] s.b.c.e.t.TomcatEmbeddedServletContainer : Tomcat initialized with port(s): 8080 (http)
2018-04-23 12:54:08.713  INFO 12488 --- [main] o.apache.catalina.core.StandardService   : Starting service Tomcat
2018-04-23 12:54:08.716  INFO 12488 --- [main] org.apache.catalina.core.StandardEngine  : Starting Servlet Engine: Apache Tomcat/8.0.30
2018-04-23 12:54:10.246  INFO 12488 --- [localhost-startStop-1] o.a.c.c.C.[Tomcat].[localhost].[/]       : Initializing Spring embedded WebApplicationContext
2018-04-23 12:54:10.253  INFO 12488 --- [localhost-startStop-1] o.s.web.context.ContextLoader            : Root WebApplicationContext: initialization completed in 24211 ms
2018-04-23 12:54:15.402  INFO 12488 --- [localhost-startStop-1] o.s.b.c.e.ServletRegistrationBean        : Mapping servlet: 'dispatcherServlet' to [/]
2018-04-23 12:54:15.412  INFO 12488 --- [localhost-startStop-1] o.s.b.c.embedded.FilterRegistrationBean  : Mapping filter: 'characterEncodingFilter' to: [/*]
2018-04-23 12:54:15.414  INFO 12488 --- [localhost-startStop-1] o.s.b.c.embedded.FilterRegistrationBean  : Mapping filter: 'hiddenHttpMethodFilter' to: [/*]
2018-04-23 12:54:15.417  INFO 12488 --- [localhost-startStop-1] o.s.b.c.embedded.FilterRegistrationBean  : Mapping filter: 'httpPutFormContentFilter' to: [/*]
2018-04-23 12:54:15.421  INFO 12488 --- [localhost-startStop-1] o.s.b.c.embedded.FilterRegistrationBean  : Mapping filter: 'requestContextFilter' to: [/*]
2018-04-23 12:54:17.120  INFO 12488 --- [main] j.LocalContainerEntityManagerFactoryBean : Building JPA container EntityManagerFactory for persistence unit 'default'
2018-04-23 12:54:17.213  INFO 12488 --- [main] o.hibernate.jpa.internal.util.LogHelper  : HHH000204: Processing PersistenceUnitInfo [
	name: default
	...]
2018-04-23 12:54:17.436  INFO 12488 --- [main] org.hibernate.Version                    : HHH000412: Hibernate Core {4.3.11.Final}
2018-04-23 12:54:17.440  INFO 12488 --- [main] org.hibernate.cfg.Environment            : HHH000206: hibernate.properties not found
2018-04-23 12:54:17.445  INFO 12488 --- [main] org.hibernate.cfg.Environment            : HHH000021: Bytecode provider name : javassist
2018-04-23 12:54:18.498  INFO 12488 --- [main] o.hibernate.annotations.common.Version   : HCANN000001: Hibernate Commons Annotations {4.0.5.Final}
2018-04-23 12:54:18.730  INFO 12488 --- [main] org.hibernate.dialect.Dialect            : HHH000400: Using dialect: org.hibernate.dialect.HSQLDialect
2018-04-23 12:54:19.033  INFO 12488 --- [main] o.h.h.i.ast.ASTQueryTranslatorFactory    : HHH000397: Using ASTQueryTranslatorFactory
2018-04-23 12:54:19.928  INFO 12488 --- [main] org.hibernate.tool.hbm2ddl.SchemaExport  : HHH000227: Running hbm2ddl schema export
2018-04-23 12:54:19.935  INFO 12488 --- [main] org.hibernate.tool.hbm2ddl.SchemaExport  : HHH000230: Schema export complete
2018-04-23 12:54:21.330  INFO 12488 --- [main] s.w.s.m.m.a.RequestMappingHandlerAdapter : Looking for @ControllerAdvice: org.springframework.boot.context.embedded.AnnotationConfigEmbeddedWebApplicationContext@19792d9: startup date [Mon Apr 23 12:53:46 IST 2018]; root of context hierarchy
2018-04-23 12:54:21.501  INFO 12488 --- [main] s.w.s.m.m.a.RequestMappingHandlerMapping : Mapped "{[/],methods=[POST]}" onto public java.lang.String com.wipro.HomeController.insertData(org.springframework.ui.ModelMap,com.wipro.Record,org.springframework.validation.BindingResult)
2018-04-23 12:54:21.504  INFO 12488 --- [main] s.w.s.m.m.a.RequestMappingHandlerMapping : Mapped "{[/],methods=[GET]}" onto public java.lang.String com.wipro.HomeController.home(org.springframework.ui.ModelMap)
2018-04-23 12:54:21.506  INFO 12488 --- [main] s.w.s.m.m.a.RequestMappingHandlerMapping : Mapped "{[/callcmds],methods=[GET]}" onto public org.springframework.http.ResponseEntity<java.lang.StringBuffer> com.wipro.HomeController.executeCommandsFile() throws java.net.URISyntaxException
2018-04-23 12:54:21.508  INFO 12488 --- [main] s.w.s.m.m.a.RequestMappingHandlerMapping : Mapped "{[/hostapp/{proj}/{app}/{type}/{path}],methods=[GET]}" onto public org.springframework.http.ResponseEntity<java.lang.StringBuffer> com.wipro.HomeController.getHostApplication(java.lang.String,java.lang.String,java.lang.String,java.lang.String) throws java.net.URISyntaxException
2018-04-23 12:54:21.509  INFO 12488 --- [main] s.w.s.m.m.a.RequestMappingHandlerMapping : Mapped "{[/pushimg/{img}/{proj}/{targetimg}],methods=[GET]}" onto public org.springframework.http.ResponseEntity<java.lang.StringBuffer> com.wipro.HomeController.pushImgage(java.lang.String,java.lang.String,java.lang.String) throws java.net.URISyntaxException
2018-04-23 12:54:21.510  INFO 12488 --- [main] s.w.s.m.m.a.RequestMappingHandlerMapping : Mapped "{[/createimg/{path}/{baseimg}/{imgname}],methods=[GET]}" onto public org.springframework.http.ResponseEntity<java.lang.StringBuffer> com.wipro.HomeController.getDockerImage(java.lang.String,java.lang.String,java.lang.String) throws java.net.URISyntaxException
2018-04-23 12:54:21.522  INFO 12488 --- [main] s.w.s.m.m.a.RequestMappingHandlerMapping : Mapped "{[/error]}" onto public org.springframework.http.ResponseEntity<java.util.Map<java.lang.String, java.lang.Object>> org.springframework.boot.autoconfigure.web.BasicErrorController.error(javax.servlet.http.HttpServletRequest)
2018-04-23 12:54:21.524  INFO 12488 --- [main] s.w.s.m.m.a.RequestMappingHandlerMapping : Mapped "{[/error],produces=[text/html]}" onto public org.springframework.web.servlet.ModelAndView org.springframework.boot.autoconfigure.web.BasicErrorController.errorHtml(javax.servlet.http.HttpServletRequest,javax.servlet.http.HttpServletResponse)
2018-04-23 12:54:21.655  INFO 12488 --- [main] o.s.w.s.handler.SimpleUrlHandlerMapping  : Mapped URL path [/webjars/**] onto handler of type [class org.springframework.web.servlet.resource.ResourceHttpRequestHandler]
2018-04-23 12:54:21.656  INFO 12488 --- [main] o.s.w.s.handler.SimpleUrlHandlerMapping  : Mapped URL path [/**] onto handler of type [class org.springframework.web.servlet.resource.ResourceHttpRequestHandler]
2018-04-23 12:54:21.818  INFO 12488 --- [main] o.s.w.s.handler.SimpleUrlHandlerMapping  : Mapped URL path [/**/favicon.ico] onto handler of type [class org.springframework.web.servlet.resource.ResourceHttpRequestHandler]
2018-04-23 12:54:22.702  INFO 12488 --- [main] o.s.j.e.a.AnnotationMBeanExporter        : Registering beans for JMX exposure on startup
2018-04-23 12:54:22.908  INFO 12488 --- [main] s.b.c.e.t.TomcatEmbeddedServletContainer : Tomcat started on port(s): 8080 (http)
2018-04-23 12:54:22.915  INFO 12488 --- [main] com.wipro.Application                    : Started Application in 39.415 seconds (JVM running for 94.78)
2018-04-23 13:08:29.417  INFO 12488 --- [http-nio-8080-exec-1] o.a.c.c.C.[Tomcat].[localhost].[/]       : Initializing Spring FrameworkServlet 'dispatcherServlet'
2018-04-23 13:08:29.617  INFO 12488 --- [http-nio-8080-exec-1] o.s.web.servlet.DispatcherServlet        : FrameworkServlet 'dispatcherServlet': initialization started
2018-04-23 13:08:30.558  INFO 12488 --- [http-nio-8080-exec-1] o.s.web.servlet.DispatcherServlet        : FrameworkServlet 'dispatcherServlet': initialization completed in 879 ms
2018-04-23 13:08:33.545  INFO 12488 --- [http-nio-8080-exec-1] com.wipro.HomeController                 : Publishing the Image process started...
2018-04-23 13:08:40.269  INFO 12488 --- [http-nio-8080-exec-1] com.wipro.HomeController                 : /push image - > Image push request submitted...... with reqId:20180423010833Process submission Done
2018-04-23 13:10:45.218  INFO 12488 --- [Thread-3] ationConfigEmbeddedWebApplicationContext : Closing org.springframework.boot.context.embedded.AnnotationConfigEmbeddedWebApplicationContext@19792d9: startup date [Mon Apr 23 12:53:46 IST 2018]; root of context hierarchy
2018-04-23 13:10:45.332  INFO 12488 --- [Thread-3] o.s.j.e.a.AnnotationMBeanExporter        : Unregistering JMX-exposed beans on shutdown
2018-04-23 13:10:45.647  INFO 12488 --- [Thread-3] j.LocalContainerEntityManagerFactoryBean : Closing JPA EntityManagerFactory for persistence unit 'default'
2018-04-23 13:10:46.035  INFO 12488 --- [Thread-3] org.hibernate.tool.hbm2ddl.SchemaExport  : HHH000227: Running hbm2ddl schema export
2018-04-23 13:10:46.150  INFO 12488 --- [Thread-3] org.hibernate.tool.hbm2ddl.SchemaExport  : HHH000230: Schema export complete
